0 info it worked if it ends with ok
1 verbose cli [ 'C:\\Program Files\\nodejs\\node.exe',
1 verbose cli   'C:\\Users\\Andreas\\AppData\\Roaming\\npm\\node_modules\\npm\\bin\\npm-cli.js',
1 verbose cli   'run',
1 verbose cli   'lint' ]
2 info using npm@4.0.5
3 info using node@v6.9.1
4 verbose run-script [ 'prelint', 'lint', 'postlint' ]
5 info lifecycle client-meeting-tracker@1.0.0~prelint: client-meeting-tracker@1.0.0
6 silly lifecycle client-meeting-tracker@1.0.0~prelint: no script for prelint, continuing
7 info lifecycle client-meeting-tracker@1.0.0~lint: client-meeting-tracker@1.0.0
8 verbose lifecycle client-meeting-tracker@1.0.0~lint: unsafe-perm in lifecycle true
9 verbose lifecycle client-meeting-tracker@1.0.0~lint: PATH: C:\Users\Andreas\AppData\Roaming\npm\node_modules\npm\bin\node-gyp-bin;C:\_prod_web\webpack\node_modules\.bin;C:\Program Files (x86)\Intel\iCLS Client\;C:\Program Files\Intel\iCLS Client\;C:\WINDOWS\system32;C:\WINDOWS;C:\WINDOWS\System32\Wbem;C:\WINDOWS\System32\WindowsPowerShell\v1.0\;C:\Program Files\nodejs\;C:\Program Files (x86)\Yarn\bin;C:\Program Files\OpenVPN\bin;C:\Program Files\Git\cmd;C:\WINDOWS\system32\config\systemprofile\.dnx\bin;C:\Program Files\Microsoft DNX\Dnvm\;C:\Program Files\Microsoft SQL Server\130\Tools\Binn\;C:\Program Files (x86)\Microsoft Emulator Manager\1.0\;C:\Program Files (x86)\Windows Kits\10\Windows Performance Toolkit\;C:\Program Files (x86)\Intel\Intel(R) Management Engine Components\DAL;C:\Program Files\Intel\Intel(R) Management Engine Components\DAL;C:\Program Files (x86)\Intel\Intel(R) Management Engine Components\IPT;C:\Program Files\Intel\Intel(R) Management Engine Components\IPT;C:\Users\Andreas\AppData\Local\Microsoft\WindowsApps;C:\Users\Andreas\AppData\Local\.meteor\;C:\Users\Andreas\AppData\Roaming\npm;C:\Users\Andreas\AppData\Local\Yarn\.bin;C:\Users\Andreas\AppData\Local\atom\bin;C:\Users\Andreas\AppData\Local\Microsoft\WindowsApps;C:\Program Files\nodejs\;
10 verbose lifecycle client-meeting-tracker@1.0.0~lint: CWD: C:\_prod_web\webpack
11 silly lifecycle client-meeting-tracker@1.0.0~lint: Args: [ '/d /s /c', 'eslint --ext .html,.js */**' ]
12 silly lifecycle client-meeting-tracker@1.0.0~lint: Returned: code: 1  signal: null
13 info lifecycle client-meeting-tracker@1.0.0~lint: Failed to exec lint script
14 verbose stack Error: client-meeting-tracker@1.0.0 lint: `eslint --ext .html,.js */**`
14 verbose stack Exit status 1
14 verbose stack     at EventEmitter.<anonymous> (C:\Users\Andreas\AppData\Roaming\npm\node_modules\npm\lib\utils\lifecycle.js:279:16)
14 verbose stack     at emitTwo (events.js:106:13)
14 verbose stack     at EventEmitter.emit (events.js:191:7)
14 verbose stack     at ChildProcess.<anonymous> (C:\Users\Andreas\AppData\Roaming\npm\node_modules\npm\lib\utils\spawn.js:40:14)
14 verbose stack     at emitTwo (events.js:106:13)
14 verbose stack     at ChildProcess.emit (events.js:191:7)
14 verbose stack     at maybeClose (internal/child_process.js:877:16)
14 verbose stack     at Process.ChildProcess._handle.onexit (internal/child_process.js:226:5)
15 verbose pkgid client-meeting-tracker@1.0.0
16 verbose cwd C:\_prod_web\webpack
17 error Windows_NT 10.0.15031
18 error argv "C:\\Program Files\\nodejs\\node.exe" "C:\\Users\\Andreas\\AppData\\Roaming\\npm\\node_modules\\npm\\bin\\npm-cli.js" "run" "lint"
19 error node v6.9.1
20 error npm  v4.0.5
21 error code ELIFECYCLE
22 error client-meeting-tracker@1.0.0 lint: `eslint --ext .html,.js */**`
22 error Exit status 1
23 error Failed at the client-meeting-tracker@1.0.0 lint script 'eslint --ext .html,.js */**'.
23 error Make sure you have the latest version of node.js and npm installed.
23 error If you do, this is most likely a problem with the client-meeting-tracker package,
23 error not with npm itself.
23 error Tell the author that this fails on your system:
23 error     eslint --ext .html,.js */**
23 error You can get information on how to open an issue for this project with:
23 error     npm bugs client-meeting-tracker
23 error Or if that isn't available, you can get their info via:
23 error     npm owner ls client-meeting-tracker
23 error There is likely additional logging output above.
24 verbose exit [ 1, true ]
